2025-05-28 17:47:52,941 - scripts.utils - INFO - 目录准备完成: E:\作业\数据可视化\michelin-project\data\processed
2025-05-28 17:47:52,941 - scripts.utils - INFO - 目录准备完成: E:\作业\数据可视化\michelin-project\data\output
2025-05-28 17:47:52,942 - scripts.utils - INFO - 从E:\作业\数据可视化\michelin-project\data\raw加载米其林餐厅数据
2025-05-28 17:47:52,954 - scripts.utils - INFO - 从one-star-michelin-restaurants.csv加载了549条餐厅记录
2025-05-28 17:47:52,957 - scripts.utils - INFO - 从two-stars-michelin-restaurants.csv加载了110条餐厅记录
2025-05-28 17:47:52,958 - scripts.utils - INFO - 从three-stars-michelin-restaurants.csv加载了36条餐厅记录
2025-05-28 17:47:52,962 - scripts.utils - INFO - 合并数据集包含695条餐厅记录
2025-05-28 17:47:52,964 - scripts.utils - INFO - 开始预处理695条餐厅数据
2025-05-28 17:47:52,973 - scripts.utils - INFO - 已创建价格级别(price_level)列
2025-05-28 17:47:52,981 - scripts.utils - INFO - 数据预处理完成，最终数据集包含695条记录
2025-05-28 17:48:31,036 - scripts.utils - INFO - 目录准备完成: E:\作业\数据可视化\michelin-project\data\processed
2025-05-28 17:48:31,036 - scripts.utils - INFO - 目录准备完成: E:\作业\数据可视化\michelin-project\data\output
2025-05-28 17:48:31,039 - scripts.utils - INFO - 从E:\作业\数据可视化\michelin-project\data\raw加载米其林餐厅数据
2025-05-28 17:48:31,052 - scripts.utils - INFO - 从one-star-michelin-restaurants.csv加载了549条餐厅记录
2025-05-28 17:48:31,055 - scripts.utils - INFO - 从two-stars-michelin-restaurants.csv加载了110条餐厅记录
2025-05-28 17:48:31,058 - scripts.utils - INFO - 从three-stars-michelin-restaurants.csv加载了36条餐厅记录
2025-05-28 17:48:31,060 - scripts.utils - INFO - 合并数据集包含695条餐厅记录
2025-05-28 17:48:31,061 - scripts.utils - INFO - 开始预处理695条餐厅数据
2025-05-28 17:48:31,066 - scripts.utils - INFO - 已创建价格级别(price_level)列
2025-05-28 17:48:31,073 - scripts.utils - INFO - 数据预处理完成，最终数据集包含695条记录
